
        Nome: Cristiano
        Número: 34999999999
        Horário: 19/05/2026, 15:00:06
        ----------------------
        
        Nome: Cristiano
        Número: 34999999999
        Horário: 20/05/2026, 00:09:34
        ----------------------
        
        Nome: Cristiano
        Número: 34999999999
        Horário: 20/05/2026, 21:56:03
        ----------------------
        
        Nome: Cristiano
        Número: 34999999999
        Horário: 20/05/2026, 21:58:34
        ----------------------
        
        Nome: Cristiano1
        Número: 34999999999
        Horário: 21/05/2026, 22:22:39
        ----------------------
        
        Nome: Cristiano2
        Número: 34999999999
        Horário: 5/22/2026, 8:07:45 PM
        ----------------------
        
        Nome: Cristiano3
        Número: 34999999999
        Horário: 5/22/2026, 10:47:27 PM
        ----------------------
        
        Nome: Cristiano4
        Número: 34999999999
        Horário: 5/23/2026, 6:32:16 PM
        ----------------------
        
        Nome: Cristiano5
        Número: 34999999999
        Horário: 5/24/2026, 6:48:07 PM
        ----------------------
        
        Nome: Cristiano6
        Número: 34999999999
        Horário: 5/24/2026, 9:12:57 PM
        ----------------------
        
        Nome: Cristiano7
        Número: 34999999999
        Horário: 5/25/2026, 2:23:57 AM
        ----------------------
        
        Nome: Cristiano8
        Número: 34999999999
        Horário: 5/25/2026, 10:05:34 PM
        ----------------------
        
        Nome: Cristiano9
        Número: 34999999999
        Horário: 5/25/2026, 10:42:23 PM
        ----------------------
        
        Nome: Cristiano10
        Número: 34999999999
        Horário: 5/26/2026, 7:36:27 PM
        ----------------------
        
        Nome: Cristiano11
        Número: 34999999999
        Horário: 5/26/2026, 8:09:52 PM
        ----------------------
        
                Nome: Cristiano01
                Número: 34999999999
                Horário: 5/28/2026, 10:03:27 PM
                ----------------------
                
                Nome: Cristiano002
                Número: 34999999999
                Horário: 5/28/2026, 11:07:17 PM
                ----------------------
                
                Nome: Kelly
                Número: 34999999999
                Horário: 5/29/2026, 11:54:43 PM
                ----------------------
                
                Nome: Rodolfo
                Número: 34999999999
                Horário: 5/29/2026, 11:54:50 PM
                ----------------------
                
                Nome: Maria
                Número: 34999999999
                Horário: 5/29/2026, 11:54:55 PM
                ----------------------
                
                Nome: Fabiana
                Número: 34999999999
                Horário: 5/30/2026, 12:37:57 AM
                ----------------------
                
                Nome: Cristiano02
                Número: 349999999991
                Horário: 5/31/2026, 7:05:49 PM
                ----------------------
                
                Nome: Cristiano
                Número: 34999999999
                Horário: 6/1/2026, 2:41:14 PM
                ----------------------
                
                Nome: Kelly
                Número: 349999999991
                Horário: 6/1/2026, 2:41:28 PM
                ----------------------
                
                Nome: Rodolfo
                Número: 349999999992
                Horário: 6/1/2026, 2:41:59 PM
                ----------------------
                
                Nome: Rafaela
                Número: 349999999993
                Horário: 6/1/2026, 2:42:11 PM
                ----------------------
                
                Nome: Maria
                Número: 349999999994
                Horário: 6/1/2026, 2:42:27 PM
                ----------------------
                
                Nome: Janaina
                Número: 349999999995
                Horário: 6/1/2026, 8:04:45 PM
                ----------------------
                
                Nome: Jacqueline
                Número: 349999999996
                Horário: 6/1/2026, 8:05:37 PM
                ----------------------
                